\BOOKMARK [1][-]{section.1}{绪论}{}% 1
\BOOKMARK [2][-]{subsection.1.1}{研究背景}{section.1}% 2
\BOOKMARK [2][-]{subsection.1.2}{群体三维运动研究方法综述}{section.1}% 3
\BOOKMARK [2][-]{subsection.1.3}{课题目的及意义}{section.1}% 4
\BOOKMARK [2][-]{subsection.1.4}{本文的组织结构}{section.1}% 5
\BOOKMARK [1][-]{section.2}{相关方法综述}{}% 6
\BOOKMARK [2][-]{subsection.2.1}{多相机摄影测量平台}{section.2}% 7
\BOOKMARK [2][-]{subsection.2.2}{相机标定}{section.2}% 8
\BOOKMARK [2][-]{subsection.2.3}{目标检测}{section.2}% 9
\BOOKMARK [2][-]{subsection.2.4}{多目标跟踪}{section.2}% 10
\BOOKMARK [2][-]{subsection.2.5}{立体匹配}{section.2}% 11
\BOOKMARK [1][-]{section.3}{果蝇群体三维轨迹跟踪测量}{}% 12
\BOOKMARK [2][-]{subsection.3.1}{引言}{section.3}% 13
\BOOKMARK [2][-]{subsection.3.2}{果蝇三维轨迹跟踪的实现}{section.3}% 14
\BOOKMARK [2][-]{subsection.3.3}{线性分配问题的算法实现}{section.3}% 15
\BOOKMARK [1][-]{section.4}{实验结果与评估}{}% 16
\BOOKMARK [2][-]{subsection.4.1}{相机标定}{section.4}% 17
\BOOKMARK [2][-]{subsection.4.2}{目标检测}{section.4}% 18
\BOOKMARK [2][-]{subsection.4.3}{二维单视图多目标跟踪结果}{section.4}% 19
\BOOKMARK [2][-]{subsection.4.4}{立体匹配 & 三维轨迹重建与重连接}{section.4}% 20
\BOOKMARK [2][-]{subsection.4.5}{评估分析}{section.4}% 21
\BOOKMARK [1][-]{section.5}{总结与展望}{}% 22
\BOOKMARK [1][-]{section*.1}{6pthei参考文献}{}% 23
\BOOKMARK [1][-]{section*.2}{hei致谢}{}% 24
