This is XeTeX, Version 3.1415926-2.3-0.9997.5 (TeX Live 2011) (format=xelatex 2012.5.8)  3 JUN 2012 23:32
entering extended mode
 restricted \write18 enabled.
 %&-line parsing enabled.
**Paper.tex
(./Paper.tex
LaTeX2e <2011/06/27>
Babel <v3.8m> and hyphenation patterns for english, dumylang, nohyphenation, ge
rman-x-2011-07-01, ngerman-x-2011-07-01, afrikaans, ancientgreek, ibycus, arabi
c, armenian, basque, bulgarian, catalan, pinyin, coptic, croatian, czech, danis
h, dutch, ukenglish, usenglishmax, esperanto, estonian, ethiopic, farsi, finnis
h, french, friulan, galician, german, ngerman, swissgerman, monogreek, greek, h
ungarian, icelandic, assamese, bengali, gujarati, hindi, kannada, malayalam, ma
rathi, oriya, panjabi, tamil, telugu, indonesian, interlingua, irish, italian, 
kurmanji, lao, latin, latvian, lithuanian, mongolian, mongolianlmc, bokmal, nyn
orsk, polish, portuguese, romanian, romansh, russian, sanskrit, serbian, serbia
nc, slovak, slovenian, spanish, swedish, turkish, turkmen, ukrainian, uppersorb
ian, welsh, loaded.
(/usr/local/texlive/2011/texmf-dist/tex/latex/base/article.cls
Document Class: article 2007/10/19 v1.4h Standard LaTeX document class
(/usr/local/texlive/2011/texmf-dist/tex/latex/base/size12.clo
File: size12.clo 2007/10/19 v1.4h Standard LaTeX file (size option)
)
\c@part=\count80
\c@section=\count81
\c@subsection=\count82
\c@subsubsection=\count83
\c@paragraph=\count84
\c@subparagraph=\count85
\c@figure=\count86
\c@table=\count87
\abovecaptionskip=\skip41
\belowcaptionskip=\skip42
\bibindent=\dimen102
)
(/usr/local/texlive/2011/texmf-dist/tex/latex/amsmath/amsmath.sty
Package: amsmath 2000/07/18 v2.13 AMS math features
\@mathmargin=\skip43

For additional information on amsmath, use the `?' option.
(/usr/local/texlive/2011/texmf-dist/tex/latex/amsmath/amstext.sty
Package: amstext 2000/06/29 v2.01

(/usr/local/texlive/2011/texmf-dist/tex/latex/amsmath/amsgen.sty
File: amsgen.sty 1999/11/30 v2.0
\@emptytoks=\toks14
\ex@=\dimen103
))
(/usr/local/texlive/2011/texmf-dist/tex/latex/amsmath/amsbsy.sty
Package: amsbsy 1999/11/29 v1.2d
\pmbraise@=\dimen104
)
(/usr/local/texlive/2011/texmf-dist/tex/latex/amsmath/amsopn.sty
Package: amsopn 1999/12/14 v2.01 operator names
)
\inf@bad=\count88
LaTeX Info: Redefining \frac on input line 211.
\uproot@=\count89
\leftroot@=\count90
LaTeX Info: Redefining \overline on input line 307.
\classnum@=\count91
\DOTSCASE@=\count92
LaTeX Info: Redefining \ldots on input line 379.
LaTeX Info: Redefining \dots on input line 382.
LaTeX Info: Redefining \cdots on input line 467.
\Mathstrutbox@=\box26
\strutbox@=\box27
\big@size=\dimen105
LaTeX Font Info:    Redeclaring font encoding OML on input line 567.
LaTeX Font Info:    Redeclaring font encoding OMS on input line 568.
\macc@depth=\count93
\c@MaxMatrixCols=\count94
\dotsspace@=\muskip10
\c@parentequation=\count95
\dspbrk@lvl=\count96
\tag@help=\toks15
\row@=\count97
\column@=\count98
\maxfields@=\count99
\andhelp@=\toks16
\eqnshift@=\dimen106
\alignsep@=\dimen107
\tagshift@=\dimen108
\tagwidth@=\dimen109
\totwidth@=\dimen110
\lineht@=\dimen111
\@envbody=\toks17
\multlinegap=\skip44
\multlinetaggap=\skip45
\mathdisplay@stack=\toks18
LaTeX Info: Redefining \[ on input line 2666.
LaTeX Info: Redefining \] on input line 2667.
)
(/usr/local/texlive/2011/texmf-dist/tex/latex/amsfonts/amssymb.sty
Package: amssymb 2009/06/22 v3.00

(/usr/local/texlive/2011/texmf-dist/tex/latex/amsfonts/amsfonts.sty
Package: amsfonts 2009/06/22 v3.00 Basic AMSFonts support
\symAMSa=\mathgroup4
\symAMSb=\mathgroup5
LaTeX Font Info:    Overwriting math alphabet `\mathfrak' in version `bold'
(Font)                  U/euf/m/n --> U/euf/b/n on input line 96.
))
(/usr/local/texlive/2011/texmf-dist/tex/latex/fontspec/fontspec.sty
Package: fontspec 2012/05/06 v2.2b Advanced font selection for XeLaTeX/LuaLaTeX


(/usr/local/texlive/2011/texmf-dist/tex/latex/l3kernel/expl3.sty
(/usr/local/texlive/2011/texmf-dist/tex/latex/l3kernel/l3names.sty
(/usr/local/texlive/2011/texmf-dist/tex/latex/l3kernel/l3bootstrap.sty
Package: l3bootstrap 2011/12/29 v3110 L3 Experimental bootstrap code
)
Package: l3names 2012/03/04 v3494 L3 Experimental namespace for primitives
)
(/usr/local/texlive/2011/texmf-dist/tex/latex/etex-pkg/etex.sty
Package: etex 1998/03/26 v2.0 eTeX basic definition package (PEB)
\et@xins=\count100
)
Package: expl3 2012/04/23 v3570 L3 Experimental code bundle wrapper

(/usr/local/texlive/2011/texmf-dist/tex/latex/graphics/color.sty
Package: color 2005/11/14 v1.0j Standard LaTeX Color (DPC)

(/usr/local/texlive/2011/texmf-dist/tex/latex/latexconfig/color.cfg
File: color.cfg 2007/01/18 v1.5 color configuration of teTeX/TeXLive
)
Package color Info: Driver file: xetex.def on input line 130.

(/usr/local/texlive/2011/texmf-dist/tex/xelatex/xetex-def/xetex.def
File: xetex.def 2009/11/22 v0.94 LaTeX color/graphics driver for XeTeX (RRM/JK)

))
(/usr/local/texlive/2011/texmf-dist/tex/latex/graphics/graphics.sty
Package: graphics 2009/02/05 v1.0o Standard LaTeX Graphics (DPC,SPQR)

(/usr/local/texlive/2011/texmf-dist/tex/latex/graphics/trig.sty
Package: trig 1999/03/16 v1.09 sin cos tan (DPC)
)
(/usr/local/texlive/2011/texmf-dist/tex/latex/latexconfig/graphics.cfg
File: graphics.cfg 2010/04/23 v1.9 graphics configuration of TeX Live
)
Package graphics Info: Driver file: xetex.def on input line 91.
)
(/usr/local/texlive/2011/texmf-dist/tex/latex/l3kernel/l3basics.sty
Package: l3basics 2012/03/04 v3491 L3 Experimental basic definitions
)
(/usr/local/texlive/2011/texmf-dist/tex/latex/l3kernel/l3expan.sty
Package: l3expan 2012/02/26 v3460 L3 Experimental argument expansion
)
(/usr/local/texlive/2011/texmf-dist/tex/latex/l3kernel/l3tl.sty
Package: l3tl 2012/03/04 v3490 L3 Experimental token lists
)
(/usr/local/texlive/2011/texmf-dist/tex/latex/l3kernel/l3seq.sty
Package: l3seq 2012/03/04 v3490 L3 Experimental sequences and stacks
)
(/usr/local/texlive/2011/texmf-dist/tex/latex/l3kernel/l3int.sty
Package: l3int 2012/03/04 v3490 L3 Experimental integers
\c_max_int=\count101
\l_tmpa_int=\count102
\l_tmpb_int=\count103
\l_tmpc_int=\count104
\g_tmpa_int=\count105
\g_tmpb_int=\count106
)
(/usr/local/texlive/2011/texmf-dist/tex/latex/l3kernel/l3quark.sty
Package: l3quark 2012/02/12 v3384 L3 Experimental quarks
)
(/usr/local/texlive/2011/texmf-dist/tex/latex/l3kernel/l3prg.sty
Package: l3prg 2012/03/04 v3490 L3 Experimental control structures
\g_prg_map_int=\count107
)
(/usr/local/texlive/2011/texmf-dist/tex/latex/l3kernel/l3clist.sty
Package: l3clist 2012/03/04 v3490 L3 Experimental comma separated lists
)
(/usr/local/texlive/2011/texmf-dist/tex/latex/l3kernel/l3token.sty
Package: l3token 2012/03/04 v3491 L3 Experimental token manipulation
)
(/usr/local/texlive/2011/texmf-dist/tex/latex/l3kernel/l3prop.sty
Package: l3prop 2012/03/04 v3490 L3 Experimental property lists
)
(/usr/local/texlive/2011/texmf-dist/tex/latex/l3kernel/l3msg.sty
Package: l3msg 2012/04/23 v3568 L3 Experimental messages
)
(/usr/local/texlive/2011/texmf-dist/tex/latex/l3kernel/l3file.sty
Package: l3file 2012/03/09 v3520 L3 Experimental file and I/O operations
\l_iow_stream_int=\count108
\l_iow_line_length_int=\count109
\l_iow_target_length_int=\count110
\l_iow_current_line_int=\count111
\l_iow_current_word_int=\count112
\l_iow_current_indentation_int=\count113
)
(/usr/local/texlive/2011/texmf-dist/tex/latex/l3kernel/l3skip.sty
Package: l3skip 2012/03/05 v3499 L3 Experimental dimensions and skips
\l_tmpa_dim=\dimen112
\l_tmpb_dim=\dimen113
\l_tmpc_dim=\dimen114
\g_tmpa_dim=\dimen115
\g_tmpb_dim=\dimen116
\l_tmpa_skip=\skip46
\l_tmpb_skip=\skip47
\l_tmpc_skip=\skip48
\g_tmpa_skip=\skip49
\g_tmpb_skip=\skip50
)
(/usr/local/texlive/2011/texmf-dist/tex/latex/l3kernel/l3keys.sty
Package: l3keys 2012/03/03 v3487 L3 Experimental key-value interfaces
\g_keyval_level_int=\count114
\l_keys_choice_int=\count115
)
(/usr/local/texlive/2011/texmf-dist/tex/latex/l3kernel/l3fp.sty
Package: l3fp 2012/03/04 v3490 L3 Experimental floating-point operations
\c_one_hundred_million=\count116
\c_five_hundred_million=\count117
\c_one_thousand_million=\count118
\c_fp_pi_by_four_decimal_int=\count119
\c_fp_pi_by_four_extended_int=\count120
\c_fp_pi_decimal_int=\count121
\c_fp_pi_extended_int=\count122
\c_fp_two_pi_decimal_int=\count123
\c_fp_two_pi_extended_int=\count124
\l_fp_count_int=\count125
\l_fp_div_offset_int=\count126
\l_fp_exp_integer_int=\count127
\l_fp_exp_decimal_int=\count128
\l_fp_exp_extended_int=\count129
\l_fp_exp_exponent_int=\count130
\l_fp_input_a_sign_int=\count131
\l_fp_input_a_integer_int=\count132
\l_fp_input_a_decimal_int=\count133
\l_fp_input_a_exponent_int=\count134
\l_fp_input_b_sign_int=\count135
\l_fp_input_b_integer_int=\count136
\l_fp_input_b_decimal_int=\count137
\l_fp_input_b_exponent_int=\count138
\l_fp_input_a_extended_int=\count139
\l_fp_input_b_extended_int=\count140
\l_fp_mul_a_i_int=\count141
\l_fp_mul_a_ii_int=\count142
\l_fp_mul_a_iii_int=\count143
\l_fp_mul_a_iv_int=\count144
\l_fp_mul_a_v_int=\count145
\l_fp_mul_a_vi_int=\count146
\l_fp_mul_b_i_int=\count147
\l_fp_mul_b_ii_int=\count148
\l_fp_mul_b_iii_int=\count149
\l_fp_mul_b_iv_int=\count150
\l_fp_mul_b_v_int=\count151
\l_fp_mul_b_vi_int=\count152
\l_fp_mul_output_int=\count153
\l_fp_output_sign_int=\count154
\l_fp_output_integer_int=\count155
\l_fp_output_decimal_int=\count156
\l_fp_output_exponent_int=\count157
\l_fp_output_extended_int=\count158
\l_fp_round_position_int=\count159
\l_fp_round_target_int=\count160
\l_fp_split_sign_int=\count161
\l_fp_internal_int=\count162
\l_fp_trig_octant_int=\count163
\l_fp_trig_sign_int=\count164
\l_fp_trig_decimal_int=\count165
\l_fp_trig_extended_int=\count166
\l_fp_internal_dim=\dimen117
\l_fp_internal_skip=\skip51
)
(/usr/local/texlive/2011/texmf-dist/tex/latex/l3kernel/l3box.sty
Package: l3box 2012/03/04 v3490 L3 Experimental boxes
\l_tmpb_box=\box28
\l_box_top_dim=\dimen118
\l_box_bottom_dim=\dimen119
\l_box_left_dim=\dimen120
\l_box_right_dim=\dimen121
\l_box_top_new_dim=\dimen122
\l_box_bottom_new_dim=\dimen123
\l_box_left_new_dim=\dimen124
\l_box_right_new_dim=\dimen125
\l_box_internal_box=\box29
)
(/usr/local/texlive/2011/texmf-dist/tex/latex/l3kernel/l3coffins.sty
Package: l3coffins 2012/03/03 v3482 L3 Experimental coffin code layer
\l_coffin_internal_box=\box30
\l_coffin_internal_dim=\dimen126
\l_coffin_offset_x_dim=\dimen127
\l_coffin_offset_y_dim=\dimen128
\l_coffin_x_dim=\dimen129
\l_coffin_y_dim=\dimen130
\l_coffin_x_prime_dim=\dimen131
\l_coffin_y_prime_dim=\dimen132
\l_coffin_Depth_dim=\dimen133
\l_coffin_Height_dim=\dimen134
\l_coffin_TotalHeight_dim=\dimen135
\l_coffin_Width_dim=\dimen136
\c_empty_coffin=\box31
\l_coffin_aligned_coffin=\box32
\l_coffin_aligned_internal_coffin=\box33
\l_coffin_bounding_shift_dim=\dimen137
\l_coffin_left_corner_dim=\dimen138
\l_coffin_right_corner_dim=\dimen139
\l_coffin_bottom_corner_dim=\dimen140
\l_coffin_top_corner_dim=\dimen141
\l_coffin_scaled_total_height_dim=\dimen142
\l_coffin_scaled_width_dim=\dimen143
\l_coffin_display_coffin=\box34
\l_coffin_display_coord_coffin=\box35
\l_coffin_display_pole_coffin=\box36
\l_coffin_display_offset_dim=\dimen144
\l_coffin_display_x_dim=\dimen145
\l_coffin_display_y_dim=\dimen146
)
(/usr/local/texlive/2011/texmf-dist/tex/latex/l3kernel/l3color.sty
Package: l3color 2011/09/07 v2776 L3 Experimental colour support
)
(/usr/local/texlive/2011/texmf-dist/tex/latex/l3kernel/l3luatex.sty
Package: l3luatex 2012/02/09 v3355 L3 Experimental LuaTeX-specific functions
\g_cctab_allocate_int=\count167
\g_cctab_stack_int=\count168
))
(/usr/local/texlive/2011/texmf-dist/tex/latex/l3packages/xparse/xparse.sty
Package: xparse 2012/04/23 v3570 L3 Experimental document command parser
\l_xparse_current_arg_int=\count169
\l_xparse_m_args_int=\count170
\l_xparse_mandatory_args_int=\count171
\l_xparse_processor_int=\count172
\l_xparse_v_nesting_int=\count173
)
\l_fontspec_script_int=\count174
\l_fontspec_language_int=\count175
\l_fontspec_strnum_int=\count176
\l_fontspec_tmpa_dim=\dimen147
\l_fontspec_tmpb_dim=\dimen148
\l_fontspec_tmpc_dim=\dimen149
Variant \tl_gset:cV already defined; not changing it on line 66

(/usr/local/texlive/2011/texmf-dist/tex/latex/fontspec/fontspec-patches.sty
Package: fontspec-patches 2012/05/06 v2.2b Advanced font selection for XeLaTeX/
LuaLaTeX

(/usr/local/texlive/2011/texmf-dist/tex/latex/base/fixltx2e.sty
Package: fixltx2e 2006/09/13 v1.1m fixes to LaTeX
LaTeX Info: Redefining \em on input line 420.
LaTeX Info: The control sequence `\[' is already robust on input line 471.
LaTeX Info: The control sequence `\]' is already robust on input line 472.
)
LaTeX Info: Redefining \em on input line 22.
LaTeX Info: Redefining \emph on input line 29.
LaTeX Info: Redefining \- on input line 32.

*************************************************
* LaTeX warning: "xparse/redefine-command"
* 
* Redefining document command \oldstylenums with arg. spec. 'm' on line 107.
*************************************************
.................................................
. LaTeX info: "xparse/define-command"
. 
. Defining document command \liningnums with arg. spec. 'm' on line 111.
.................................................
) (/usr/local/texlive/2011/texmf-dist/tex/latex/fontspec/fontspec-xetex.sty
Package: fontspec-xetex 2012/05/06 v2.2b Advanced font selection for XeLaTeX/Lu
aLaTeX

(/usr/local/texlive/2011/texmf-dist/tex/latex/base/fontenc.sty
Package: fontenc 2005/09/27 v1.99g Standard LaTeX package

(/usr/local/texlive/2011/texmf-dist/tex/latex/euenc/eu1enc.def
File: eu1enc.def 2010/05/27 v0.1h Experimental Unicode font encodings
)
LaTeX Font Info:    Try loading font information for EU1+lmr on input line 100.


(/usr/local/texlive/2011/texmf-dist/tex/latex/euenc/eu1lmr.fd
File: eu1lmr.fd 2009/10/30 v1.6 Font defs for Latin Modern
))
(/usr/local/texlive/2011/texmf-dist/tex/xelatex/xunicode/xunicode.sty
File: xunicode.sty 2011/09/09 v0.981 provides access to latin accents and many 
other characters in Unicode lower plane

(/usr/local/texlive/2011/texmf-dist/tex/latex/tipa/t3enc.def
File: t3enc.def 2001/12/31 T3 encoding
LaTeX Font Info:    Try loading font information for EU1+lmss on input line 357
.

(/usr/local/texlive/2011/texmf-dist/tex/latex/euenc/eu1lmss.fd
File: eu1lmss.fd 2009/10/30 v1.6 Font defs for Latin Modern
))
\tipaTiiicode=\count177
\tipasavetokens=\toks19
\tipachecktokens=\toks20

(/usr/local/texlive/2011/texmf-dist/tex/latex/graphics/graphicx.sty
Package: graphicx 1999/02/16 v1.0f Enhanced LaTeX Graphics (DPC,SPQR)

(/usr/local/texlive/2011/texmf-dist/tex/latex/graphics/keyval.sty
Package: keyval 1999/03/16 v1.13 key=value parser (DPC)
\KV@toks@=\toks21
)
\Gin@req@height=\dimen150
\Gin@req@width=\dimen151
))
.................................................
. LaTeX info: "xparse/define-command"
. 
. Defining document command \fontspec with arg. spec. 'O{}m' on line 39.
.................................................
.................................................
. LaTeX info: "xparse/define-command"
. 
. Defining document command \setmainfont with arg. spec. 'O{}m' on line 43.
.................................................
.................................................
. LaTeX info: "xparse/define-command"
. 
. Defining document command \setsansfont with arg. spec. 'O{}m' on line 47.
.................................................
.................................................
. LaTeX info: "xparse/define-command"
. 
. Defining document command \setmonofont with arg. spec. 'O{}m' on line 51.
.................................................
.................................................
. LaTeX info: "xparse/define-command"
. 
. Defining document command \setmathrm with arg. spec. 'O{}m' on line 59.
.................................................
.................................................
. LaTeX info: "xparse/define-command"
. 
. Defining document command \setboldmathrm with arg. spec. 'O{}m' on line 62.
.................................................
.................................................
. LaTeX info: "xparse/define-command"
. 
. Defining document command \setmathsf with arg. spec. 'O{}m' on line 65.
.................................................
.................................................
. LaTeX info: "xparse/define-command"
. 
. Defining document command \setmathtt with arg. spec. 'O{}m' on line 68.
.................................................
.................................................
. LaTeX info: "xparse/define-command"
. 
. Defining document command \newfontfamily with arg. spec. 'mO{}m' on line 84.
.................................................
.................................................
. LaTeX info: "xparse/define-command"
. 
. Defining document command \newfontface with arg. spec. 'mO{}m' on line 87.
.................................................
.................................................
. LaTeX info: "xparse/define-command"
. 
. Defining document command \defaultfontfeatures with arg. spec. 'm' on line
. 91.
.................................................
.................................................
. LaTeX info: "xparse/define-command"
. 
. Defining document command \addfontfeatures with arg. spec. 'm' on line 107.
.................................................
.................................................
. LaTeX info: "xparse/define-command"
. 
. Defining document command \newfontfeature with arg. spec. 'mm' on line 118.
.................................................
.................................................
. LaTeX info: "xparse/define-command"
. 
. Defining document command \newAATfeature with arg. spec. 'mmmm' on line 125.
.................................................
.................................................
. LaTeX info: "xparse/define-command"
. 
. Defining document command \newICUfeature with arg. spec. 'mmm' on line 132.
.................................................
.................................................
. LaTeX info: "xparse/define-command"
. 
. Defining document command \aliasfontfeature with arg. spec. 'mm' on line
. 159.
.................................................
.................................................
. LaTeX info: "xparse/define-command"
. 
. Defining document command \aliasfontfeatureoption with arg. spec. 'mmm' on
. line 164.
.................................................
.................................................
. LaTeX info: "xparse/define-command"
. 
. Defining document command \newfontscript with arg. spec. 'mm' on line 169.
.................................................
.................................................
. LaTeX info: "xparse/define-command"
. 
. Defining document command \newfontlanguage with arg. spec. 'mm' on line 192.
.................................................
.................................................
. LaTeX info: "xparse/define-command"
. 
. Defining document command \DeclareFontsExtensions with arg. spec. 'm' on
. line 211.
.................................................
Variant \prop_gput:cnV already defined; not changing it on line 485
Variant \prop_gput:cnx already defined; not changing it on line 486
\l_fontspec_tmp_int=\count178
LaTeX Info: Redefining \itshape on input line 1893.
LaTeX Info: Redefining \slshape on input line 1897.
LaTeX Info: Redefining \scshape on input line 1901.
LaTeX Info: Redefining \upshape on input line 1905.

(/usr/local/texlive/2011/texmf-dist/tex/latex/fontspec/fontspec.cfg)))
\g_fontspec_family_Times New Roman_int=\count179
.................................................
. fontspec info: "defining-font"
. 
. Font family 'TimesNewRoman(0)' created for font 'Times New Roman' with
. options [Mapping=tex-text].
. 
. This font family consists of the following shapes:
. 
. * 'normal' with NFSS spec.:
. <->"Times New Roman/ICU:script=latn;language=DFLT;mapping=tex-text;"
. 
. * 'bold' with NFSS spec.:
. <->"Times New Roman/B/ICU:script=latn;language=DFLT;mapping=tex-text;"
. 
. * 'italic' with NFSS spec.:
. <->"Times New Roman/I/ICU:script=latn;language=DFLT;mapping=tex-text;"
. 
. * 'bold italic' with NFSS spec.:
. <->"Times New Roman/BI/ICU:script=latn;language=DFLT;mapping=tex-text;"
.................................................

(/usr/local/texlive/2011/texmf-dist/tex/latex/listings/listings.sty
\lst@mode=\count180
\lst@gtempboxa=\box37
\lst@token=\toks22
\lst@length=\count181
\lst@currlwidth=\dimen152
\lst@column=\count182
\lst@pos=\count183
\lst@lostspace=\dimen153
\lst@width=\dimen154
\lst@newlines=\count184
\lst@lineno=\count185
\lst@maxwidth=\dimen155

(/usr/local/texlive/2011/texmf-dist/tex/latex/listings/lstmisc.sty
File: lstmisc.sty 2007/02/22 1.4 (Carsten Heinz)
\c@lstnumber=\count186
\lst@skipnumbers=\count187
\lst@framebox=\box38
)
(/usr/local/texlive/2011/texmf-dist/tex/latex/listings/listings.cfg
File: listings.cfg 2007/02/22 1.4 listings configuration
))
Package: listings 2007/02/22 1.4 (Carsten Heinz)

(/usr/local/texlive/2011/texmf-dist/tex/latex/tools/array.sty
Package: array 2008/09/09 v2.4c Tabular extension package (FMi)
\col@sep=\dimen156
\extrarowheight=\dimen157
\NC@list=\toks23
\extratabsurround=\skip52
\backup@length=\skip53
)
(/usr/local/texlive/2011/texmf-dist/tex/latex/float/float.sty
Package: float 2001/11/08 v1.3d Float enhancements (AL)
\c@float@type=\count188
\float@exts=\toks24
\float@box=\box39
\@float@everytoks=\toks25
\@floatcapt=\box40
)
(/usr/local/texlive/2011/texmf-dist/tex/latex/units/units.sty
Package: units 1998/08/04 v0.9b Typesetting units

(/usr/local/texlive/2011/texmf-dist/tex/latex/base/ifthen.sty
Package: ifthen 2001/05/26 v1.1c Standard LaTeX ifthen package (DPC)
)
(/usr/local/texlive/2011/texmf-dist/tex/latex/units/nicefrac.sty
Package: nicefrac 1998/08/04 v0.9b Nice fractions
\L@UnitsRaiseDisplaystyle=\skip54
\L@UnitsRaiseTextstyle=\skip55
\L@UnitsRaiseScriptstyle=\skip56
))
(/usr/local/texlive/2011/texmf-dist/tex/latex/multirow/multirow.sty
\bigstrutjot=\dimen158
)
(/usr/local/texlive/2011/texmf-dist/tex/latex/setspace/setspace.sty
Package: setspace 2011/12/19 v6.7a set line spacing
)
(/usr/local/texlive/2011/texmf-dist/tex/latex/esint/esint.sty
Package: esint 
\symlargesymbolsA=\mathgroup6
)
(/usr/local/texlive/2011/texmf-dist/tex/latex/caption/caption2.sty
Package: caption2 2011/08/12 v2.2d Customising captions (AR)


Package caption2 Warning: ****************************************************
(caption2)                THIS PACKAGE IS OBSOLETE:
(caption2)                This package attempts to provide an `caption2'
(caption2)                package v2.0/2.1 author environment so that OLD
(caption2)                documents can be successfully processed. It should
(caption2)                NOT be used for NEW documents! New documents should
(caption2)                use the regular `caption' package v3.x instead.
(caption2)                ****************************************************

(/usr/local/texlive/2011/texmf-dist/tex/latex/caption/caption3.sty
Package: caption3 2012/01/12 v1.4b caption3 kernel (AR)
\captionmargin=\dimen159
\captionmargin@=\dimen160
\captionwidth=\dimen161
\caption@indent=\dimen162
\caption@parindent=\dimen163
\caption@hangindent=\dimen164
)
Package caption2 Info: Running in caption2 v2.0 compatibility mode on input lin
e 210.
\captionlinewidth=\dimen165
\realcaptionwidth=\dimen166
Package caption2 Info: float package v1.2 (or newer) detected on input line 319
.
)
(/usr/local/texlive/2011/texmf-dist/tex/latex/geometry/geometry.sty
Package: geometry 2010/09/12 v5.6 Page Geometry

(/usr/local/texlive/2011/texmf-dist/tex/generic/oberdiek/ifpdf.sty
Package: ifpdf 2011/01/30 v2.3 Provides the ifpdf switch (HO)
Package ifpdf Info: pdfTeX in PDF mode is not detected.
)
(/usr/local/texlive/2011/texmf-dist/tex/generic/oberdiek/ifvtex.sty
Package: ifvtex 2010/03/01 v1.5 Detect VTeX and its facilities (HO)
Package ifvtex Info: VTeX not detected.
)
(/usr/local/texlive/2011/texmf-dist/tex/generic/ifxetex/ifxetex.sty
Package: ifxetex 2010/09/12 v0.6 Provides ifxetex conditional
)
\Gm@cnth=\count189
\Gm@cntv=\count190
\c@Gm@tempcnt=\count191
\Gm@bindingoffset=\dimen167
\Gm@wd@mp=\dimen168
\Gm@odd@mp=\dimen169
\Gm@even@mp=\dimen170
\Gm@layoutwidth=\dimen171
\Gm@layoutheight=\dimen172
\Gm@layouthoffset=\dimen173
\Gm@layoutvoffset=\dimen174
\Gm@dimlist=\toks26
)
(/usr/local/texlive/2011/texmf-dist/tex/latex/fancyhdr/fancyhdr.sty
\fancy@headwidth=\skip57
\f@ncyO@elh=\skip58
\f@ncyO@erh=\skip59
\f@ncyO@olh=\skip60
\f@ncyO@orh=\skip61
\f@ncyO@elf=\skip62
\f@ncyO@erf=\skip63
\f@ncyO@olf=\skip64
\f@ncyO@orf=\skip65
)
(/usr/local/texlive/2011/texmf-dist/tex/latex/natbib/natbib.sty
Package: natbib 2010/09/13 8.31b (PWD, AO)
\bibhang=\skip66
\bibsep=\skip67
LaTeX Info: Redefining \cite on input line 694.
\c@NAT@ctr=\count192
)
(/usr/local/texlive/2011/texmf-dist/tex/latex/titlesec/titletoc.sty
Package: titletoc 2011/12/15 v1.6 TOC entries
\ttl@leftsep=\dimen175
)
(/usr/local/texlive/2011/texmf-dist/tex/latex/titlesec/titlesec.sty
Package: titlesec 2011/12/15 v2.10.0 Sectioning titles
\ttl@box=\box41
\beforetitleunit=\skip68
\aftertitleunit=\skip69
\ttl@plus=\dimen176
\ttl@minus=\dimen177
\ttl@toksa=\toks27
\titlewidth=\dimen178
\titlewidthlast=\dimen179
\titlewidthfirst=\dimen180
)
(/usr/local/texlive/2011/texmf-dist/tex/latex/xcolor/xcolor.sty
Package: xcolor 2007/01/21 v2.11 LaTeX color extensions (UK)

(/usr/local/texlive/2011/texmf-dist/tex/latex/latexconfig/color.cfg
File: color.cfg 2007/01/18 v1.5 color configuration of teTeX/TeXLive
)
Package xcolor Info: Driver file: xetex.def on input line 225.
LaTeX Info: Redefining \color on input line 702.
Package xcolor Info: Model `cmy' substituted by `cmy0' on input line 1337.
Package xcolor Info: Model `RGB' extended on input line 1353.
Package xcolor Info: Model `HTML' substituted by `rgb' on input line 1355.
Package xcolor Info: Model `Hsb' substituted by `hsb' on input line 1356.
Package xcolor Info: Model `tHsb' substituted by `hsb' on input line 1357.
Package xcolor Info: Model `HSB' substituted by `hsb' on input line 1358.
Package xcolor Info: Model `Gray' substituted by `gray' on input line 1359.
Package xcolor Info: Model `wave' substituted by `hsb' on input line 1360.

(/usr/local/texlive/2011/texmf-dist/tex/latex/graphics/dvipsnam.def
File: dvipsnam.def 1999/02/16 v3.0i Driver-dependant file (DPC,SPQR)
)
(/usr/local/texlive/2011/texmf-dist/tex/latex/xcolor/svgnam.def
File: svgnam.def 2007/01/21 v2.11 Predefined colors according to SVG 1.1 (UK)
)
(/usr/local/texlive/2011/texmf-dist/tex/latex/xcolor/x11nam.def
File: x11nam.def 2007/01/21 v2.11 Predefined colors according to Unix/X11 (UK)
))
(/usr/local/texlive/2011/texmf-dist/tex/latex/hyperref/hyperref.sty
Package: hyperref 2012/02/28 v6.82p Hypertext links for LaTeX

(/usr/local/texlive/2011/texmf-dist/tex/generic/oberdiek/hobsub-hyperref.sty
Package: hobsub-hyperref 2012/04/25 v1.12 Bundle oberdiek, subset hyperref (HO)


(/usr/local/texlive/2011/texmf-dist/tex/generic/oberdiek/hobsub-generic.sty
Package: hobsub-generic 2012/04/25 v1.12 Bundle oberdiek, subset generic (HO)
Package: hobsub 2012/04/25 v1.12 Construct package bundles (HO)
Package: infwarerr 2010/04/08 v1.3 Providing info/warning/error messages (HO)
Package: ltxcmds 2011/11/09 v1.22 LaTeX kernel commands for general use (HO)
Package: ifluatex 2010/03/01 v1.3 Provides the ifluatex switch (HO)
Package ifluatex Info: LuaTeX not detected.
Package hobsub Info: Skipping package `ifvtex' (already loaded).
Package: intcalc 2007/09/27 v1.1 Expandable calculations with integers (HO)
Package hobsub Info: Skipping package `ifpdf' (already loaded).
Package: etexcmds 2011/02/16 v1.5 Avoid name clashes with e-TeX commands (HO)
Package etexcmds Info: Could not find \expanded.
(etexcmds)             That can mean that you are not using pdfTeX 1.50 or
(etexcmds)             that some package has redefined \expanded.
(etexcmds)             In the latter case, load this package earlier.
Package: kvsetkeys 2012/04/25 v1.16 Key value parser (HO)
Package: kvdefinekeys 2011/04/07 v1.3 Define keys (HO)
Package: pdftexcmds 2011/11/29 v0.20 Utility functions of pdfTeX for LuaTeX (HO
)
Package pdftexcmds Info: LuaTeX not detected.
Package pdftexcmds Info: pdfTeX >= 1.30 not detected.
Package pdftexcmds Info: \pdf@primitive is available.
Package pdftexcmds Info: \pdf@ifprimitive is available.
Package pdftexcmds Info: \pdfdraftmode not found.
Package: pdfescape 2011/11/25 v1.13 Implements pdfTeX's escape features (HO)
Package: bigintcalc 2012/04/08 v1.3 Expandable calculations on big integers (HO
)
Package: bitset 2011/01/30 v1.1 Handle bit-vector datatype (HO)
Package: uniquecounter 2011/01/30 v1.2 Provide unlimited unique counter (HO)
)
Package hobsub Info: Skipping package `hobsub' (already loaded).
Package: letltxmacro 2010/09/02 v1.4 Let assignment for LaTeX macros (HO)
Package: hopatch 2011/06/24 v1.1 Wrapper for package hooks (HO)
Package: xcolor-patch 2011/01/30 xcolor patch
Package: atveryend 2011/06/30 v1.8 Hooks at the very end of document (HO)
Package atveryend Info: \enddocument detected (standard20110627).
Package: atbegshi 2011/10/05 v1.16 At begin shipout hook (HO)
Package: refcount 2011/10/16 v3.4 Data extraction from label references (HO)
Package: hycolor 2011/01/30 v1.7 Color options for hyperref/bookmark (HO)
)
(/usr/local/texlive/2011/texmf-dist/tex/latex/oberdiek/kvoptions.sty
Package: kvoptions 2011/06/30 v3.11 Key value format for package options (HO)
)
\@linkdim=\dimen181
\Hy@linkcounter=\count193
\Hy@pagecounter=\count194

(/usr/local/texlive/2011/texmf-dist/tex/latex/hyperref/pd1enc.def
File: pd1enc.def 2012/02/28 v6.82p Hyperref: PDFDocEncoding definition (HO)
)
\Hy@SavedSpaceFactor=\count195

(/usr/local/texlive/2011/texmf-dist/tex/xelatex/xetexconfig/hyperref.cfg
File: hyperref.cfg 2008/07/11 v1.2 hyperref configuration for XeLaTeX
)
Package hyperref Info: Option `CJKbookmarks' set `true' on input line 3941.
Package hyperref Info: Hyper figures OFF on input line 4062.
Package hyperref Info: Link nesting OFF on input line 4067.
Package hyperref Info: Hyper index ON on input line 4070.
Package hyperref Info: Plain pages OFF on input line 4077.
Package hyperref Info: Backreferencing OFF on input line 4082.
Package hyperref Info: Implicit mode ON; LaTeX internals redefined.
Package hyperref Info: Bookmarks ON on input line 4300.
\c@Hy@tempcnt=\count196

(/usr/local/texlive/2011/texmf-dist/tex/latex/url/url.sty
\Urlmuskip=\muskip11
Package: url 2006/04/12  ver 3.3  Verb mode for urls, etc.
)
LaTeX Info: Redefining \url on input line 4653.
\Fld@menulength=\count197
\Field@Width=\dimen182
\Fld@charsize=\dimen183
Package hyperref Info: Hyper figures OFF on input line 5773.
Package hyperref Info: Link nesting OFF on input line 5778.
Package hyperref Info: Hyper index ON on input line 5781.
Package hyperref Info: backreferencing OFF on input line 5788.
Package hyperref Info: Link coloring OFF on input line 5793.
Package hyperref Info: Link coloring with OCG OFF on input line 5798.
Package hyperref Info: PDF/A mode OFF on input line 5803.
LaTeX Info: Redefining \ref on input line 5843.
LaTeX Info: Redefining \pageref on input line 5847.
\Hy@abspage=\count198
\c@Item=\count199
\c@Hfootnote=\count200
)

Package hyperref Message: Driver (autodetected): hxetex.

(/usr/local/texlive/2011/texmf-dist/tex/latex/hyperref/hxetex.def
File: hxetex.def 2012/02/28 v6.82p Hyperref driver for XeTeX

(/usr/local/texlive/2011/texmf-dist/tex/latex/hyperref/puenc.def
File: puenc.def 2012/02/28 v6.82p Hyperref: PDF Unicode definition (HO)
)
(/usr/local/texlive/2011/texmf-dist/tex/generic/oberdiek/stringenc.sty
Package: stringenc 2011/12/02 v1.10 Convert strings between diff. encodings (HO
)
)
\pdfm@box=\box42
\c@Hy@AnnotLevel=\count201
Normal \count register pool exhausted, switching to extended pool.
\HyField@AnnotCount=\count277
\Fld@listcount=\count278
\c@bookmark@seq@number=\count279

(/usr/local/texlive/2011/texmf-dist/tex/latex/oberdiek/rerunfilecheck.sty
Package: rerunfilecheck 2011/04/15 v1.7 Rerun checks for auxiliary files (HO)
Package rerunfilecheck Info: Feature \pdfmdfivesum is not available
(rerunfilecheck)             (e.g. pdfTeX or LuaTeX with package `pdftexcmds').

(rerunfilecheck)             Therefore file contents cannot be checked efficien
tly
(rerunfilecheck)             and the loading of the package is aborted.
)
\Hy@SectionHShift=\skip70
)
(/usr/local/texlive/2011/texmf-dist/tex/xelatex/xecjk/xeCJK.sty
(/usr/local/texlive/2011/texmf-dist/tex/latex/l3packages/l3keys2e/l3keys2e.sty
Package: l3keys2e 2012/04/23 v3570 LaTeX2e option processing using LaTeX3 keys
)
Package: xeCJK 2012/05/06 v3.0.4 package for typesetting CJK scripts with XeLaT
eX
.................................................
. LaTeX info: "xparse/define-command"
. 
. Defining document command \makexeCJKactive with arg. spec. '' on line 64.
.................................................
.................................................
. LaTeX info: "xparse/define-command"
. 
. Defining document command \makexeCJKinactive with arg. spec. '' on line 65.
.................................................
\xeCJK_HalfLeft_class=\XeTeXintercharclass4
\xeCJK_HalfRight_class=\XeTeXintercharclass5
\xeCJK_NormalSpace_class=\XeTeXintercharclass6
.................................................
. LaTeX info: "xparse/define-command"
. 
. Defining document command \xeCJKDeclareCharClass with arg. spec.
. '>{\TrimSpaces }mm' on line 118.
.................................................
.................................................
. LaTeX info: "xparse/define-command"
. 
. Defining document command \xeCJK_setcharclass_aux:Nn with arg. spec.
. 'm>{\SplitArgument {1}{->}}m' on line 120.
.................................................
.................................................
. LaTeX info: "xparse/define-command"
. 
. Defining document command \xeCJKsetcharclass with arg. spec. 'mmm' on line
. 135.
.................................................
.................................................
. LaTeX info: "xparse/define-command"
. 
. Defining document command \xeCJKResetPunctClass with arg. spec. '' on line
. 174.
.................................................
.................................................
. LaTeX info: "xparse/define-command"
. 
. Defining document command \normalspacedchars with arg. spec. 'm' on line
. 214.
.................................................
\l_xeCJK_ecglue_dim=\dimen184
.................................................
. LaTeX info: "xparse/define-command"
. 
. Defining document command \CJKspace with arg. spec. '' on line 537.
.................................................
.................................................
. LaTeX info: "xparse/define-command"
. 
. Defining document command \CJKnospace with arg. spec. '' on line 542.
.................................................
.................................................
. LaTeX info: "xparse/define-command"
. 
. Defining document command \xeCJKenablechecksingle with arg. spec. '' on line
. 591.
.................................................
.................................................
. LaTeX info: "xparse/define-command"
. 
. Defining document command \xeCJKdisablechecksingle with arg. spec. '' on
. line 600.
.................................................
.................................................
. LaTeX info: "xparse/define-command"
. 
. Defining document command \xeCJKDeclareSubCJKBlock with arg. spec. 'mm' on
. line 710.
.................................................
.................................................
. LaTeX info: "xparse/define-command"
. 
. Defining document command \xeCJKCancelSubCJKBlock with arg. spec. 'm' on
. line 720.
.................................................
.................................................
. LaTeX info: "xparse/define-command"
. 
. Defining document command \xeCJKRestoreSubCJKBlock with arg. spec. 'm' on
. line 728.
.................................................
.................................................
. LaTeX info: "xparse/define-command"
. 
. Defining document command \xeCJKDeclareSubCharClass with arg. spec.
. '>{\TrimSpaces }m>{\TrimSpaces }mm' on line 759.
.................................................
.................................................
. LaTeX info: "xparse/define-command"
. 
. Defining document command \xeCJKallowbreakbetweenpuncts with arg. spec. ''
. on line 864.
.................................................
.................................................
. LaTeX info: "xparse/define-command"
. 
. Defining document command \xeCJKnobreakbetweenpuncts with arg. spec. '' on
. line 866.
.................................................
.................................................
. LaTeX info: "xparse/define-command"
. 
. Defining document command \xeCJKsetwidth with arg. spec. 'mm' on line 999.
.................................................
.................................................
. LaTeX info: "xparse/define-command"
. 
. Defining document command \xeCJKsetkern with arg. spec. 'mmm' on line 1147.
.................................................
.................................................
. LaTeX info: "xparse/define-command"
. 
. Defining document command \xeCJKenablefallback with arg. spec. '' on line
. 1165.
.................................................
.................................................
. LaTeX info: "xparse/define-command"
. 
. Defining document command \xeCJKdisablefallback with arg. spec. '' on line
. 1173.
.................................................
.................................................
. LaTeX info: "xparse/define-command"
. 
. Defining document command \setCJKfallbackfamilyfont with arg. spec. 'mO{}m'
. on line 1202.
.................................................
Variant \keys_set_known:nxN already defined; not changing it on line 1255
.................................................
. LaTeX info: "xparse/define-command"
. 
. Defining document command \CJKfamily with arg. spec. 'm' on line 1667.
.................................................
.................................................
. LaTeX info: "xparse/define-command"
. 
. Defining document command \setCJKfamilyfont with arg. spec. 'mO{}m' on line
. 1682.
.................................................
.................................................
. LaTeX info: "xparse/define-command"
. 
. Defining document command \newCJKfontfamily with arg. spec. 'omO{}m' on line
. 1691.
.................................................
\g_xeCJK_fontspec_int=\count280
.................................................
. LaTeX info: "xparse/define-command"
. 
. Defining document command \CJKfontspec with arg. spec. 'O{}m' on line 1707.
.................................................
.................................................
. LaTeX info: "xparse/define-command"
. 
. Defining document command \defaultCJKfontfeatures with arg. spec. 'm' on
. line 1710.
.................................................
.................................................
. LaTeX info: "xparse/define-command"
. 
. Defining document command \addCJKfontfeatures with arg. spec. 'm' on line
. 1750.
.................................................
.................................................
. LaTeX info: "xparse/define-command"
. 
. Defining document command \setCJKmainfont with arg. spec. 'O{}m' on line
. 1758.
.................................................
.................................................
. LaTeX info: "xparse/define-command"
. 
. Defining document command \setCJKsansfont with arg. spec. 'O{}m' on line
. 1761.
.................................................
.................................................
. LaTeX info: "xparse/define-command"
. 
. Defining document command \setCJKmathfont with arg. spec. 'O{}m' on line
. 1776.
.................................................
.................................................
. LaTeX info: "xparse/define-command"
. 
. Defining document command \xeCJKsetmathcode with arg. spec. 'mmmm' on line
. 1788.
.................................................
\g_xeCJK_exspace_dim=\dimen185
.................................................
. LaTeX info: "xparse/define-command"
. 
. Defining document command \setCJKmonoscale with arg. spec. '' on line 1844.
.................................................
.................................................
. LaTeX info: "xparse/define-command"
. 
. Defining document command \setCJKmonoexspace with arg. spec. '' on line
. 1855.
.................................................
.................................................
. LaTeX info: "xparse/define-command"
. 
. Defining document command \CJKfixedspacing with arg. spec. '' on line 1890.
.................................................
.................................................
. LaTeX info: "xparse/define-command"
. 
. Defining document command \CJKflexiblespacing with arg. spec. 'm' on line
. 1897.
.................................................
.................................................
. LaTeX info: "xparse/define-command"
. 
. Defining document command \setCJKmonofont with arg. spec. 'st+O{}m' on line
. 1907.
.................................................
.................................................
. LaTeX info: "xparse/define-command"
. 
. Defining document command \xeCJKsetup with arg. spec. 'm' on line 1970.
.................................................
.................................................
. LaTeX info: "xparse/define-command"
. 
. Defining document command \xeCJKsetEmboldenFactor with arg. spec. 'm' on
. line 1972.
.................................................
.................................................
. LaTeX info: "xparse/define-command"
. 
. Defining document command \xeCJKsetSlantFactor with arg. spec. 'm' on line
. 1974.
.................................................
.................................................
. LaTeX info: "xparse/define-command"
. 
. Defining document command \punctstyle with arg. spec. 'm' on line 1975.
.................................................
.................................................
. LaTeX info: "xparse/define-command"
. 
. Defining document command \CJKsetecglue with arg. spec. 'm' on line 1977.
.................................................
\xeCJK_Others_class=\count281
.................................................
. LaTeX info: "xparse/define-command"
. 
. Defining document command \xeCJKcaption with arg. spec. 'om' on line 2068.
.................................................
(/usr/local/texlive/2011/texmf-dist/tex/latex/cjk/texinput/CJKnumb.sty
Package: CJKnumb 2012/05/07 4.8.3
\CJK@q=\count282
\CJK@r=\count283
))
.................................................
. fontspec info: "defining-font"
. 
. Font family 'TimesNewRoman(1)' created for font 'Times New Roman' with
. options [].
. 
. This font family consists of the following shapes:
. 
. * 'normal' with NFSS spec.:
. <->"Times New Roman/ICU:script=latn;language=DFLT;"
. 
. * 'bold' with NFSS spec.:
. <->"Times New Roman/B/ICU:script=latn;language=DFLT;"
. 
. * 'italic' with NFSS spec.:
. <->"Times New Roman/I/ICU:script=latn;language=DFLT;"
. 
. * 'bold italic' with NFSS spec.:
. <->"Times New Roman/BI/ICU:script=latn;language=DFLT;"
.................................................
\g_fontspec_family_Consolas_int=\count284
.................................................
. fontspec info: "defining-font"
. 
. Font family 'Consolas(0)' created for font 'Consolas' with options [].
. 
. This font family consists of the following shapes:
. 
. * 'normal' with NFSS spec.:
. <->"Consolas/ICU:script=latn;language=DFLT;"
. 
. * 'bold' with NFSS spec.:
. <->"Consolas/B/ICU:script=latn;language=DFLT;"
. 
. * 'italic' with NFSS spec.:
. <->"Consolas/I/ICU:script=latn;language=DFLT;"
. 
. * 'bold italic' with NFSS spec.:
. <->"Consolas/BI/ICU:script=latn;language=DFLT;"
.................................................

(/usr/local/texlive/2011/texmf-dist/tex/latex/xltxtra/xltxtra.sty
Package: xltxtra 2010/09/20 v0.5e Improvements for the "XeLaTeX" format

(/usr/local/texlive/2011/texmf-dist/tex/latex/realscripts/realscripts.sty
Package: realscripts 2010/09/30 v0.3 Access OpenType subscripts and superscript
s
.................................................
. LaTeX info: "xparse/define-command"
. 
. Defining document command \fakesubscript with arg. spec. 'm' on line 19.
.................................................
.................................................
. LaTeX info: "xparse/define-command"
. 
. Defining document command \fakesuperscript with arg. spec. 'm' on line 22.
.................................................

*************************************************
* LaTeX warning: "xparse/redefine-command"
* 
* Redefining document command \textsubscript with arg. spec. 's' on line 25.
*************************************************
*************************************************
* LaTeX warning: "xparse/redefine-command"
* 
* Redefining document command \textsuperscript with arg. spec. 's' on line 28.
*************************************************
.................................................
. LaTeX info: "xparse/define-command"
. 
. Defining document command \realsubscript with arg. spec. 'm' on line 45.
.................................................
.................................................
. LaTeX info: "xparse/define-command"
. 
. Defining document command \realsuperscript with arg. spec. 'm' on line 60.
.................................................
.................................................
. LaTeX info: "xparse/define-command"
. 
. Defining document command \textsubsuperscript with arg. spec. 'sO{l}mm' on
. line 137.
.................................................
.................................................
. LaTeX info: "xparse/define-command"
. 
. Defining document command \textsupersubscript with arg. spec. 'sO{l}mm' on
. line 140.
.................................................
\subsupersep=\dimen186
) (/usr/local/texlive/2011/texmf-dist/tex/latex/metalogo/metalogo.sty
Package: metalogo 2010/05/29 v0.12 Extended TeX logo macros
\xl@everylogo=\toks28
\xl@@everylogo=\toks29
LaTeX Info: Redefining \TeX on input line 193.
LaTeX Info: Redefining \LaTeX on input line 202.
LaTeX Info: Redefining \LaTeXe on input line 219.
)
\xxt@tempbox=\box43
)
(/usr/local/texlive/2011/texmf-dist/tex/generic/oberdiek/se-ascii-print.def
File: se-ascii-print.def 2011/12/02 v1.10 stringenc: Printable ASCII characters

)
(/usr/local/texlive/2011/texmf-dist/tex/xelatex/polyglossia/polyglossia.sty
Package: polyglossia 2012/04/29 v1.2.1 Babel replacement for XeLaTeX

(/usr/local/texlive/2011/texmf-dist/tex/latex/etoolbox/etoolbox.sty
Package: etoolbox 2011/01/03 v2.1 e-TeX tools for LaTeX
\etb@tempcnta=\count285
)
(/usr/local/texlive/2011/texmf-dist/tex/latex/makecmds/makecmds.sty
Package: makecmds 2009/09/03 v1.0a extra command making commands
)
(/usr/local/texlive/2011/texmf-dist/tex/latex/xkeyval/xkeyval.sty
Package: xkeyval 2008/08/13 v2.6a package option processing (HA)

(/usr/local/texlive/2011/texmf-dist/tex/generic/xkeyval/xkeyval.tex
\XKV@toks=\toks30
\XKV@tempa@toks=\toks31
\XKV@depth=\count286
File: xkeyval.tex 2008/08/13 v2.6a key=value parser (HA)
))
\xpg@normalclass=\XeTeXintercharclass7
)
.................................................
. fontspec info: "no-scripts"
. 
. Font SimSun does not contain any OpenType `Script' information.
.................................................
\g_fontspec_family_SimSun_int=\count287
.................................................
. fontspec info: "defining-font"
. 
. Font family 'SimSun(0)' created for font 'SimSun' with options
. [BoldFeatures={FakeBold={4.000000000}},BoldItalicFeatures={FakeBold={4.000000
000}},BoldSlantedFeatures={FakeBold={4.000000000}},BoldFont={*},ItalicFont={*},
BoldItalicFont={*},SlantedFont={*},BoldSlantedFont={*}].
. 
. This font family consists of the following shapes:
. 
. * 'normal' with NFSS spec.:
. <->"SimSun/ICU:"
. 
. * 'bold' with NFSS spec.:
. <->"SimSun/ICU:embolden=4.000000000;"
. 
. * 'italic' with NFSS spec.:
. <->"SimSun/ICU:"
. 
. * 'sl/' with NFSS spec.:
. <->"SimSun/ICU:"
. 
. * 'bold italic' with NFSS spec.:
. <->"SimSun/ICU:embolden=4.000000000;"
. 
. * 'sl/,FakeBold={4.000000000}' with NFSS spec.:
. <->"SimSun/ICU:embolden=4.000000000;"
.................................................

No file Paper.aux.
\openout1 = `Paper.aux'.

LaTeX Font Info:    Checking defaults for OML/cmm/m/it on input line 231.
LaTeX Font Info:    ... okay on input line 231.
LaTeX Font Info:    Checking defaults for T1/cmr/m/n on input line 231.
LaTeX Font Info:    ... okay on input line 231.
LaTeX Font Info:    Checking defaults for OT1/cmr/m/n on input line 231.
LaTeX Font Info:    ... okay on input line 231.
LaTeX Font Info:    Checking defaults for OMS/cmsy/m/n on input line 231.
LaTeX Font Info:    ... okay on input line 231.
LaTeX Font Info:    Checking defaults for OMX/cmex/m/n on input line 231.
LaTeX Font Info:    ... okay on input line 231.
LaTeX Font Info:    Checking defaults for U/cmr/m/n on input line 231.
LaTeX Font Info:    ... okay on input line 231.
LaTeX Font Info:    Checking defaults for EU1/lmr/m/n on input line 231.
LaTeX Font Info:    ... okay on input line 231.
LaTeX Font Info:    Checking defaults for T3/cmr/m/n on input line 231.
LaTeX Font Info:    Try loading font information for T3+cmr on input line 231.
(/usr/local/texlive/2011/texmf-dist/tex/latex/tipa/t3cmr.fd
File: t3cmr.fd 2001/12/31 TIPA font definitions
)
LaTeX Font Info:    ... okay on input line 231.
LaTeX Font Info:    Checking defaults for PD1/pdf/m/n on input line 231.
LaTeX Font Info:    ... okay on input line 231.
LaTeX Font Info:    Checking defaults for PU/pdf/m/n on input line 231.
LaTeX Font Info:    ... okay on input line 231.
.................................................
. fontspec info: "setup-math"
. 
. Adjusting the maths setup (use [no-math] to avoid this).
.................................................
\symlegacymaths=\mathgroup7
LaTeX Font Info:    Overwriting symbol font `legacymaths' in version `bold'
(Font)                  OT1/cmr/m/n --> OT1/cmr/bx/n on input line 231.
LaTeX Font Info:    Redeclaring math accent \acute on input line 231.
LaTeX Font Info:    Redeclaring math accent \grave on input line 231.
LaTeX Font Info:    Redeclaring math accent \ddot on input line 231.
LaTeX Font Info:    Redeclaring math accent \tilde on input line 231.
LaTeX Font Info:    Redeclaring math accent \bar on input line 231.
LaTeX Font Info:    Redeclaring math accent \breve on input line 231.
LaTeX Font Info:    Redeclaring math accent \check on input line 231.
LaTeX Font Info:    Redeclaring math accent \hat on input line 231.
LaTeX Font Info:    Redeclaring math accent \dot on input line 231.
LaTeX Font Info:    Redeclaring math accent \mathring on input line 231.
LaTeX Font Info:    Redeclaring math symbol \Gamma on input line 231.
LaTeX Font Info:    Redeclaring math symbol \Delta on input line 231.
LaTeX Font Info:    Redeclaring math symbol \Theta on input line 231.
LaTeX Font Info:    Redeclaring math symbol \Lambda on input line 231.
LaTeX Font Info:    Redeclaring math symbol \Xi on input line 231.
LaTeX Font Info:    Redeclaring math symbol \Pi on input line 231.
LaTeX Font Info:    Redeclaring math symbol \Sigma on input line 231.
LaTeX Font Info:    Redeclaring math symbol \Upsilon on input line 231.
LaTeX Font Info:    Redeclaring math symbol \Phi on input line 231.
LaTeX Font Info:    Redeclaring math symbol \Psi on input line 231.
LaTeX Font Info:    Redeclaring math symbol \Omega on input line 231.
LaTeX Font Info:    Redeclaring math symbol \mathdollar on input line 231.
LaTeX Font Info:    Redeclaring symbol font `operators' on input line 231.
LaTeX Font Info:    Encoding `OT1' has changed to `EU1' for symbol font
(Font)              `operators' in the math version `normal' on input line 231.

LaTeX Font Info:    Overwriting symbol font `operators' in version `normal'
(Font)                  OT1/cmr/m/n --> EU1/TimesNewRoman(1)/m/n on input line 
231.
LaTeX Font Info:    Encoding `OT1' has changed to `EU1' for symbol font
(Font)              `operators' in the math version `bold' on input line 231.
LaTeX Font Info:    Overwriting symbol font `operators' in version `bold'
(Font)                  OT1/cmr/bx/n --> EU1/TimesNewRoman(1)/m/n on input line
 231.
LaTeX Font Info:    Overwriting symbol font `operators' in version `normal'
(Font)                  EU1/TimesNewRoman(1)/m/n --> EU1/TimesNewRoman(1)/m/n o
n input line 231.
LaTeX Font Info:    Overwriting math alphabet `\mathrm' in version `normal'
(Font)                  EU1/TimesNewRoman(1)/m/n --> EU1/TimesNewRoman(1)/m/n o
n input line 231.
LaTeX Font Info:    Overwriting math alphabet `\mathit' in version `normal'
(Font)                  OT1/cmr/m/it --> EU1/TimesNewRoman(1)/m/it on input lin
e 231.
LaTeX Font Info:    Overwriting math alphabet `\mathbf' in version `normal'
(Font)                  OT1/cmr/bx/n --> EU1/TimesNewRoman(1)/bx/n on input lin
e 231.
LaTeX Font Info:    Overwriting math alphabet `\mathsf' in version `normal'
(Font)                  OT1/cmss/m/n --> EU1/lmss/m/n on input line 231.
LaTeX Font Info:    Overwriting math alphabet `\mathtt' in version `normal'
(Font)                  OT1/cmtt/m/n --> EU1/Consolas(0)/m/n on input line 231.

LaTeX Font Info:    Overwriting symbol font `operators' in version `bold'
(Font)                  EU1/TimesNewRoman(1)/m/n --> EU1/TimesNewRoman(1)/bx/n 
on input line 231.
LaTeX Font Info:    Overwriting math alphabet `\mathrm' in version `bold'
(Font)                  EU1/TimesNewRoman(1)/m/n --> EU1/TimesNewRoman(1)/bx/n 
on input line 231.
LaTeX Font Info:    Overwriting math alphabet `\mathit' in version `bold'
(Font)                  OT1/cmr/bx/it --> EU1/TimesNewRoman(1)/bx/it on input l
ine 231.
LaTeX Font Info:    Overwriting math alphabet `\mathsf' in version `bold'
(Font)                  OT1/cmss/bx/n --> EU1/lmss/bx/n on input line 231.
LaTeX Font Info:    Overwriting math alphabet `\mathtt' in version `bold'
(Font)                  OT1/cmtt/m/n --> EU1/Consolas(0)/bx/n on input line 231
.
\c@lstlisting=\count288
Package caption Info: Begin \AtBeginDocument code.
Package caption Info: End \AtBeginDocument code.

*geometry* driver: auto-detecting
*geometry* detected driver: xetex
*geometry* verbose mode - [ preamble ] result:
* driver: xetex
* paper: a4paper
* layout: <same size as paper>
* layoutoffset:(h,v)=(0.0pt,0.0pt)
* modes: 
* h-part:(L,W,R)=(71.13188pt, 455.24411pt, 71.13188pt)
* v-part:(T,H,B)=(91.04881pt, 682.86615pt, 71.13188pt)
* \paperwidth=597.50787pt
* \paperheight=845.04684pt
* \textwidth=455.24411pt
* \textheight=682.86615pt
* \oddsidemargin=-1.1381pt
* \evensidemargin=-1.1381pt
* \topmargin=-4.60226pt
* \headheight=12.0pt
* \headsep=11.38109pt
* \topskip=12.0pt
* \footskip=22.76219pt
* \marginparwidth=35.0pt
* \marginparsep=10.0pt
* \columnsep=10.0pt
* \skip\footins=10.8pt plus 4.0pt minus 2.0pt
* \hoffset=0.0pt
* \voffset=-11.38109pt
* \mag=1000
* \@twocolumnfalse
* \@twosidefalse
* \@mparswitchfalse
* \@reversemarginfalse
* (1in=72.27pt=25.4mm, 1cm=28.453pt)

\AtBeginShipoutBox=\box44
Package hyperref Info: Link coloring OFF on input line 231.
(/usr/local/texlive/2011/texmf-dist/tex/latex/hyperref/nameref.sty
Package: nameref 2010/04/30 v2.40 Cross-referencing by name of section

(/usr/local/texlive/2011/texmf-dist/tex/generic/oberdiek/gettitlestring.sty
Package: gettitlestring 2010/12/03 v1.4 Cleanup title references (HO)
)
\c@section@level=\count289
)
LaTeX Info: Redefining \ref on input line 231.
LaTeX Info: Redefining \pageref on input line 231.
LaTeX Info: Redefining \nameref on input line 231.
\@outlinefile=\write3
\openout3 = `Paper.out'.



Package hyperref Warning: Rerun to get /PageLabels entry.

.................................................
. fontspec info: "no-scripts"
. 
. Font SimHei does not contain any OpenType `Script' information.
.................................................
\g_fontspec_family_SimHei_int=\count290
.................................................
. fontspec info: "defining-font"
. 
. Font family 'SimHei(0)' created for font 'SimHei' with options
. [BoldFeatures={FakeBold={4.000000000}},BoldItalicFeatures={FakeBold={4.000000
000}},BoldSlantedFeatures={FakeBold={4.000000000}},BoldFont={*},ItalicFont={*},
BoldItalicFont={*},SlantedFont={*},BoldSlantedFont={*}].
. 
. This font family consists of the following shapes:
. 
. * 'normal' with NFSS spec.:
. <->"SimHei/ICU:"
. 
. * 'bold' with NFSS spec.:
. <->"SimHei/ICU:embolden=4.000000000;"
. 
. * 'italic' with NFSS spec.:
. <->"SimHei/ICU:"
. 
. * 'sl/' with NFSS spec.:
. <->"SimHei/ICU:"
. 
. * 'bold italic' with NFSS spec.:
. <->"SimHei/ICU:embolden=4.000000000;"
. 
. * 'sl/,FakeBold={4.000000000}' with NFSS spec.:
. <->"SimHei/ICU:embolden=4.000000000;"
.................................................
[1

]
Overfull \hbox (2.70975pt too wide) in paragraph at lines 255--256
[]\EU1/TimesNewRoman(1)/m/n/12 In real experiment, a flying group of more than 
200 drosophila were captured synchronously.
 []

[2

]
\tf@toc=\write4
\openout4 = `Paper.toc'.

 [3

]

Package Fancyhdr Warning: \fancyhead's `E' option without twoside option is use
less on input line 266.


Package Fancyhdr Warning: \fancyhead's `E' option without twoside option is use
less on input line 266.

.................................................
. fontspec info: "no-scripts"
. 
. Font SimSun does not contain any OpenType `Script' information.
.................................................
.................................................
. fontspec info: "defining-font"
. 
. Font family 'SimSun(0)' created for font 'SimSun' with options
. [BoldFeatures={FakeBold={4.000000000}},BoldItalicFeatures={FakeBold={4.000000
000}},BoldSlantedFeatures={FakeBold={4.000000000}},BoldFont={*},ItalicFont={*},
BoldItalicFont={*},SlantedFont={*},BoldSlantedFont={*}].
. 
. This font family consists of the following shapes:
.................................................

LaTeX Warning: Reference `1-1' on page 1 undefined on input line 278.

LaTeX Font Info:    Try loading font information for U+msa on input line 278.
(/usr/local/texlive/2011/texmf-dist/tex/latex/amsfonts/umsa.fd
File: umsa.fd 2009/06/22 v3.00 AMS symbols A
)
LaTeX Font Info:    Try loading font information for U+msb on input line 278.

(/usr/local/texlive/2011/texmf-dist/tex/latex/amsfonts/umsb.fd
File: umsb.fd 2009/06/22 v3.00 AMS symbols B
)
LaTeX Font Info:    Try loading font information for U+esint on input line 278.


(/usr/local/texlive/2011/texmf-dist/tex/latex/esint/uesint.fd
File: uesint.fd 
)

Package natbib Warning: Citation `niaoqun1' on page 1 undefined on input line 2
78.


Package natbib Warning: Citation `yuqun1' on page 1 undefined on input line 278
.


Package natbib Warning: Citation `huangchongqun1' on page 1 undefined on input 
line 278.


Package natbib Warning: Citation `mayiqun1' on page 1 undefined on input line 2
78.


Package natbib Warning: Citation `renqun1' on page 1 undefined on input line 27
8.


LaTeX Warning: Reference `1-2' on page 1 undefined on input line 280.


Package natbib Warning: Citation `dachangganjun1' on page 1 undefined on input 
line 280.


Package natbib Warning: Citation `kucaoganjun1' on page 1 undefined on input li
ne 280.


! LaTeX Error: File `Figures/1-1' not found.

See the LaTeX manual or LaTeX Companion for explanation.
Type  H <return>  for immediate help.
 ...                                              
                                                  
l.286 \includegraphics[width=13cm]{Figures/1-1}
                                               
? 

Package natbib Warning: Citation `wuPhD' on page 1 undefined on input line 287.



Package natbib Warning: Citation `wuPhD' on page 1 undefined on input line 287.



! LaTeX Error: File `Figures/1-2' not found.

See the LaTeX manual or LaTeX Companion for explanation.
Type  H <return>  for immediate help.
 ...                                              
                                                  
l.293 \includegraphics[width=12cm]{Figures/1-2}
                                               
? 

Package natbib Warning: Citation `wuPhD' on page 1 undefined on input line 294.



Package natbib Warning: Citation `wuPhD' on page 1 undefined on input line 294.



! LaTeX Error: File `Figures/1-3' not found.

See the LaTeX manual or LaTeX Companion for explanation.
Type  H <return>  for immediate help.
 ...                                              
                                                  
l.300 \includegraphics[width=8cm]{Figures/1-3}
                                              
? 

Package natbib Warning: Citation `nature' on page 1 undefined on input line 301
.


Package natbib Warning: Citation `nature' on page 1 undefined on input line 301
.


LaTeX Warning: `h' float specifier changed to `ht'.


! LaTeX Error: File `Figures/1-4' not found.

See the LaTeX manual or LaTeX Companion for explanation.
Type  H <return>  for immediate help.
 ...                                              
                                                  
l.307 \includegraphics[width=6cm]{Figures/1-4}
                                              
? 

Package natbib Warning: Citation `wiki_drosophila' on page 1 undefined on input
 line 308.


LaTeX Warning: `h' float specifier changed to `ht'.


Package natbib Warning: Citation `quntixingwei1' on page 1 undefined on input l
ine 313.


Package natbib Warning: Citation `quntixingwei2' on page 1 undefined on input l
ine 313.


Package natbib Warning: Citation `quntixingwei3' on page 1 undefined on input l
ine 313.


Package natbib Warning: Citation `drosophila2' on page 1 undefined on input lin
e 313.

[1]

Package natbib Warning: Citation `huangchongqun1' on page 2 undefined on input 
line 315.


Package natbib Warning: Citation `ACO' on page 2 undefined on input line 315.


Package natbib Warning: Citation `reaffic' on page 2 undefined on input line 31
5.


LaTeX Warning: Reference `1-4' on page 2 undefined on input line 317.


Package natbib Warning: Citation `quntixingwei2' on page 2 undefined on input l
ine 327.


LaTeX Warning: Reference `1-10' on page 2 undefined on input line 327.

[2]

! LaTeX Error: File `Figures/1-10' not found.

See the LaTeX manual or LaTeX Companion for explanation.
Type  H <return>  for immediate help.
 ...                                              
                                                  
l.331 \includegraphics[width=12cm]{Figures/1-10}
                                                
? 

Package natbib Warning: Citation `quntixingwei2' on page 3 undefined on input l
ine 332.


Package natbib Warning: Citation `quntixingwei3' on page 3 undefined on input l
ine 336.

Missing character: There is no  in font Times New Roman/ICU:script=latn;lang
uage=DFLT;!
Missing character: There is no  in font Times New Roman/ICU:script=latn;lang
uage=DFLT;!
Missing character: There is no  in font Times New Roman/ICU:script=latn;lang
uage=DFLT;!
Missing character: There is no  in font Times New Roman/ICU:script=latn;lang
uage=DFLT;!
Missing character: There is no  in font Times New Roman/ICU:script=latn;lang
uage=DFLT;!

Package natbib Warning: Citation `niaoqun1' on page 3 undefined on input line 3
51.


LaTeX Warning: Reference `1-5' on page 3 undefined on input line 353.


LaTeX Warning: Reference `1-6' on page 3 undefined on input line 353.

[3]

! LaTeX Error: File `Figures/1-5' not found.

See the LaTeX manual or LaTeX Companion for explanation.
Type  H <return>  for immediate help.
 ...                                              
                                                  
l.357 \includegraphics[width=5cm]{Figures/1-5}
                                              
? 

Package natbib Warning: Citation `nature_pigeon' on page 4 undefined on input l
ine 361.


! LaTeX Error: File `Figures/1-6' not found.

See the LaTeX manual or LaTeX Companion for explanation.
Type  H <return>  for immediate help.
 ...                                              
                                                  
l.367 \includegraphics[width=12cm]{Figures/1-6}
                                               
? 

Package natbib Warning: Citation `niaoqun1' on page 4 undefined on input line 3
71.


Package natbib Warning: Citation `duoxiangji1' on page 4 undefined on input lin
e 376.


Package natbib Warning: Citation `duoxiangji2' on page 4 undefined on input lin
e 376.


Package natbib Warning: Citation `1965niujin' on page 4 undefined on input line
 379.


Package natbib Warning: Citation `1978jianada' on page 4 undefined on input lin
e 381.


LaTeX Warning: Reference `1-7' on page 4 undefined on input line 381.


! LaTeX Error: File `Figures/1-7' not found.

See the LaTeX manual or LaTeX Companion for explanation.
Type  H <return>  for immediate help.
 ...                                              
                                                  
l.385 \includegraphics[width=10cm]{Figures/1-7}
                                               
? 

Package natbib Warning: Citation `1978jianada' on page 4 undefined on input lin
e 389.


Package natbib Warning: Citation `1980niujin' on page 4 undefined on input line
 393.

[4]

Package natbib Warning: Citation `MCMC_ant' on page 5 undefined on input line 3
97.


Package natbib Warning: Citation `2007fudan' on page 5 undefined on input line 
399.


LaTeX Warning: Reference `1-8' on page 5 undefined on input line 401.


Package natbib Warning: Citation `2008jiazhouligong' on page 5 undefined on inp
ut line 401.


! LaTeX Error: File `Figures/1-8' not found.

See the LaTeX manual or LaTeX Companion for explanation.
Type  H <return>  for immediate help.
 ...                                              
                                                  
l.405 \includegraphics[width=10cm]{Figures/1-8}
                                               
? 

Package natbib Warning: Citation `2008jiazhouligong' on page 5 undefined on inp
ut line 409.


Package natbib Warning: Citation `2008cavagna' on page 5 undefined on input lin
e 413.


Package natbib Warning: Citation `2009fudan1' on page 5 undefined on input line
 415.


Package natbib Warning: Citation `2009fudan2' on page 5 undefined on input line
 415.


Package natbib Warning: Citation `2009fudan3' on page 5 undefined on input line
 415.


LaTeX Warning: Reference `1-9' on page 5 undefined on input line 415.

[5]

! LaTeX Error: File `Figures/1-9' not found.

See the LaTeX manual or LaTeX Companion for explanation.
Type  H <return>  for immediate help.
 ...                                              
                                                  
l.419 \includegraphics[width=12cm]{Figures/1-9}
                                               
? 

Package natbib Warning: Citation `2009fudan2' on page 6 undefined on input line
 423.


Package natbib Warning: Citation `2009boston' on page 6 undefined on input line
 427.


Package natbib Warning: Citation `2009jiazhouligong' on page 6 undefined on inp
ut line 429.


Package natbib Warning: Citation `2010jiazhouligong' on page 6 undefined on inp
ut line 431.


Package natbib Warning: Citation `Schaller' on page 6 undefined on input line 4
33.


LaTeX Warning: Reference `1-11' on page 6 undefined on input line 433.


! LaTeX Error: File `Figures/1-11' not found.

See the LaTeX manual or LaTeX Companion for explanation.
Type  H <return>  for immediate help.
 ...                                              
                                                  
l.437 \includegraphics[width=6cm]{Figures/1-11}
                                               
? 

Package natbib Warning: Citation `Schaller' on page 6 undefined on input line 4
38.


Package natbib Warning: Citation `dachangganjun1' on page 6 undefined on input 
line 442.


LaTeX Warning: Reference `sec1-2-2' on page 6 undefined on input line 446.

[6]
Missing character: There is no  in font Times New Roman/ICU:script=latn;lang
uage=DFLT;!
Missing character: There is no  in font Times New Roman/ICU:script=latn;lang
uage=DFLT;!
Missing character: There is no  in font Times New Roman/ICU:script=latn;lang
uage=DFLT;!
Missing character: There is no  in font Times New Roman/ICU:script=latn;lang
uage=DFLT;!
Missing character: There is no  in font Times New Roman/ICU:script=latn;lang
uage=DFLT;!
Missing character: There is no  in font Times New Roman/ICU:script=latn;lang
uage=DFLT;!
Missing character: There is no  in font Times New Roman/ICU:script=latn;lang
uage=DFLT;!


LaTeX Warning: Reference `ch2' on page 7 undefined on input line 467.


LaTeX Warning: Reference `ch3' on page 7 undefined on input line 469.


LaTeX Warning: Reference `ch4' on page 7 undefined on input line 471.


LaTeX Warning: Reference `ch5' on page 7 undefined on input line 473.

[7] [8]

Package natbib Warning: Citation `wuPhD' on page 9 undefined on input line 480.



LaTeX Warning: Reference `2-1' on page 9 undefined on input line 480.


! LaTeX Error: File `Figures/2-1' not found.

See the LaTeX manual or LaTeX Companion for explanation.
Type  H <return>  for immediate help.
 ...                                              
                                                  
l.485 \includegraphics[width=16cm]{Figures/2-1}
                                               
? 

LaTeX Warning: Reference `2-2' on page 9 undefined on input line 493.


Package natbib Warning: Citation `wuPhD' on page 9 undefined on input line 493.



! LaTeX Error: File `Figures/2-2' not found.

See the LaTeX manual or LaTeX Companion for explanation.
Type  H <return>  for immediate help.
 ...                                              
                                                  
l.497 \includegraphics[width=12cm]{Figures/2-2}
                                               
? 

Package natbib Warning: Citation `wuPhD' on page 9 undefined on input line 498.



! LaTeX Error: File `Figures/2-3' not found.

See the LaTeX manual or LaTeX Companion for explanation.
Type  H <return>  for immediate help.
 ...                                              
                                                  
l.504 \includegraphics[width=10cm]{Figures/2-3}
                                               
? 

LaTeX Warning: Reference `2-3' on page 9 undefined on input line 509.


LaTeX Warning: Reference `2-4' on page 9 undefined on input line 509.


LaTeX Warning: Reference `2-5' on page 9 undefined on input line 509.


! LaTeX Error: File `Figures/2-4' not found.

See the LaTeX manual or LaTeX Companion for explanation.
Type  H <return>  for immediate help.
 ...                                              
                                                  
l.513 \includegraphics[width=10cm]{Figures/2-4}
                                               
? 

LaTeX Warning: `h' float specifier changed to `ht'.


! LaTeX Error: File `Figures/2-5' not found.

See the LaTeX manual or LaTeX Companion for explanation.
Type  H <return>  for immediate help.
 ...                                              
                                                  
l.520 \includegraphics[width=10cm]{Figures/2-5}
                                               
? 

LaTeX Warning: `h' float specifier changed to `ht'.


Package natbib Warning: Citation `duoxiangji2' on page 9 undefined on input lin
e 528.


! LaTeX Error: File `Figures/2-6' not found.

See the LaTeX manual or LaTeX Companion for explanation.
Type  H <return>  for immediate help.
 ...                                              
                                                  
l.532 \includegraphics[width=8cm]{Figures/2-6}
                                              
? 

Package natbib Warning: Citation `duoxiangji2' on page 9 undefined on input lin
e 533.


LaTeX Warning: `h' float specifier changed to `ht'.


LaTeX Warning: Reference `2-6' on page 9 undefined on input line 537.

[9]

Package natbib Warning: Citation `duoxiangji1' on page 10 undefined on input li
ne 541.


Package natbib Warning: Citation `zhangzhengyou1' on page 10 undefined on input
 line 541.


Package natbib Warning: Citation `Tsai1' on page 10 undefined on input line 547
.


Package natbib Warning: Citation `matlabcalib' on page 10 undefined on input li
ne 547.


LaTeX Warning: Reference `2-7' on page 10 undefined on input line 549.


! LaTeX Error: File `Figures/2-7' not found.

See the LaTeX manual or LaTeX Companion for explanation.
Type  H <return>  for immediate help.
 ...                                              
                                                  
l.553 \includegraphics[width=9cm]{Figures/2-7}
                                              
? 

LaTeX Warning: `h' float specifier changed to `ht'.


Package natbib Warning: Citation `duoxiangji1' on page 10 undefined on input li
ne 560.

[10]

Package natbib Warning: Citation `zhongzhilvbo1' on page 11 undefined on input 
line 572.

Missing character: There is no  in font Times New Roman/ICU:script=latn;lang
uage=DFLT;!

Package natbib Warning: Citation `seg-threshold' on page 11 undefined on input 
line 576.

Missing character: There is no  in font Times New Roman/ICU:script=latn;lang
uage=DFLT;!

Package natbib Warning: Citation `seg-mean' on page 11 undefined on input line 
577.

Missing character: There is no  in font Times New Roman/ICU:script=latn;lang
uage=DFLT;!

Package natbib Warning: Citation `seg-graph' on page 11 undefined on input line
 578.

Missing character: There is no  in font Times New Roman/ICU:script=latn;lang
uage=DFLT;!

Package natbib Warning: Citation `seg-lev' on page 11 undefined on input line 5
79.

[11]

LaTeX Warning: Reference `equ2-4' on page 12 undefined on input line 586.

[12]
Missing character: There is no  in font Times New Roman/ICU:script=latn;lang
uage=DFLT;!
Missing character: There is no  in font Times New Roman/ICU:script=latn;lang
uage=DFLT;!
Missing character: There is no  in font Times New Roman/ICU:script=latn;lang
uage=DFLT;!


LaTeX Warning: Reference `equ2-6' on page 13 undefined on input line 642.


Package natbib Warning: Citation `re-bayes_filter' on page 13 undefined on inpu
t line 642.


LaTeX Warning: Reference `equ2-7' on page 13 undefined on input line 644.


Package natbib Warning: Citation `kalman1' on page 13 undefined on input line 6
44.


Package natbib Warning: Citation `kalman2' on page 13 undefined on input line 6
54.

[13]

Package natbib Warning: Citation `JPDA' on page 14 undefined on input line 665.


[14]

Package natbib Warning: Citation `duoxiangji2' on page 15 undefined on input li
ne 701.


LaTeX Warning: Reference `2-6' on page 15 undefined on input line 701.


Package natbib Warning: Citation `zhangzhengyou2' on page 15 undefined on input
 line 712.


LaTeX Warning: Reference `2-8' on page 15 undefined on input line 712.


Package natbib Warning: Citation `image_rec' on page 15 undefined on input line
 712.


! LaTeX Error: File `Figures/2-8' not found.

See the LaTeX manual or LaTeX Companion for explanation.
Type  H <return>  for immediate help.
 ...                                              
                                                  
l.716 \includegraphics[width=9cm]{Figures/2-8}
                                              
? 

Package natbib Warning: Citation `image_rec' on page 15 undefined on input line
 717.


Package natbib Warning: Citation `stereomatch1' on page 15 undefined on input l
ine 721.


Package natbib Warning: Citation `stereomatch2' on page 15 undefined on input l
ine 721.


Package natbib Warning: Citation `stereomatch-dp' on page 15 undefined on input
 line 721.


Package natbib Warning: Citation `stereomatch-mf' on page 15 undefined on input
 line 721.


LaTeX Warning: Reference `ch3' on page 15 undefined on input line 723.

[15] [16]

Package natbib Warning: Citation `huangchongqun1' on page 17 undefined on input
 line 733.


Package natbib Warning: Citation `2008cavagna' on page 17 undefined on input li
ne 733.


Package natbib Warning: Citation `quntixingwei2' on page 17 undefined on input 
line 733.


Package natbib Warning: Citation `niaoqun1' on page 17 undefined on input line 
735.

Missing character: There is no  in font Times New Roman/ICU:script=latn;lang
uage=DFLT;!
Missing character: There is no  in font Times New Roman/ICU:script=latn;lang
uage=DFLT;!
Missing character: There is no  in font Times New Roman/ICU:script=latn;lang
uage=DFLT;!

LaTeX Warning: Reference `3-1' on page 17 undefined on input line 751.


LaTeX Warning: Reference `3-2' on page 17 undefined on input line 751.


LaTeX Warning: Reference `3-3' on page 17 undefined on input line 751.

[17]

! LaTeX Error: File `Figures/3-1' not found.

See the LaTeX manual or LaTeX Companion for explanation.
Type  H <return>  for immediate help.
 ...                                              
                                                  
l.755 \includegraphics[width=8cm]{Figures/3-1}
                                              
? 

! LaTeX Error: File `Figures/3-2' not found.

See the LaTeX manual or LaTeX Companion for explanation.
Type  H <return>  for immediate help.
 ...                                              
                                                  
l.762 \includegraphics[width=8cm]{Figures/3-2}
                                              
? 

! LaTeX Error: File `Figures/3-3' not found.

See the LaTeX manual or LaTeX Companion for explanation.
Type  H <return>  for immediate help.
 ...                                              
                                                  
l.769 \includegraphics[width=8cm]{Figures/3-3}
                                              
? 

LaTeX Warning: Reference `sec2.4' on page 18 undefined on input line 779.

[18]

LaTeX Warning: Reference `equ2-7' on page 19 undefined on input line 781.


LaTeX Warning: Reference `equ3-1' on page 19 undefined on input line 788.


Package natbib Warning: Citation `kalman1' on page 19 undefined on input line 8
13.


LaTeX Warning: Reference `equ3-2' on page 19 undefined on input line 823.

[19]

Package natbib Warning: Citation `kalman1' on page 20 undefined on input line 8
35.


Package natbib Warning: Citation `kalman1' on page 20 undefined on input line 8
35.

Missing character: There is no  in font Times New Roman/ICU:script=latn;lang
uage=DFLT;!
Missing character: There is no  in font Times New Roman/ICU:script=latn;lang
uage=DFLT;!

LaTeX Warning: Reference `equ3-10' on page 20 undefined on input line 878.

[20]

LaTeX Warning: Reference `equ3-14' on page 21 undefined on input line 925.

[21]

LaTeX Warning: Reference `sec3-3' on page 22 undefined on input line 935.

Missing character: There is no  in font Times New Roman/ICU:script=latn;lang
uage=DFLT;!
Missing character: There is no  in font Times New Roman/ICU:script=latn;lang
uage=DFLT;!
Missing character: There is no  in font Times New Roman/ICU:script=latn;lang
uage=DFLT;!
Missing character: There is no  in font Times New Roman/ICU:script=latn;lang
uage=DFLT;!

LaTeX Warning: Reference `equ3-7' on page 22 undefined on input line 947.

Missing character: There is no  in font Times New Roman/ICU:script=latn;lang
uage=DFLT;!
Missing character: There is no  in font Times New Roman/ICU:script=latn;lang
uage=DFLT;!
Missing character: There is no  in font Times New Roman/ICU:script=latn;lang
uage=DFLT;!

! LaTeX Error: File `Figures/3-4' not found.

See the LaTeX manual or LaTeX Companion for explanation.
Type  H <return>  for immediate help.
 ...                                              
                                                  
l.966 \includegraphics[width=14cm]{Figures/3-4}
                                               
? 

Package natbib Warning: Citation `duoxiangji2' on page 22 undefined on input li
ne 972.

[22]

Package natbib Warning: Citation `wuPhD' on page 23 undefined on input line 985
.


Overfull \hbox (6.2204pt too wide) in paragraph at lines 996--997
[]\l_fontspec_font                
       |       $\OML/cmm/m/it/12 P
 []$\l_fontspec_font || 
 []

[23]

LaTeX Warning: Reference `equ3-27' on page 24 undefined on input line 1029.


LaTeX Warning: Reference `equ3-22' on page 24 undefined on input line 1046.

[24] [25]

LaTeX Warning: Reference `equ3-15' on page 26 undefined on input line 1116.


LaTeX Warning: Reference `equ3-16' on page 26 undefined on input line 1122.


LaTeX Warning: Reference `equ3-39' on page 26 undefined on input line 1130.

[26]

LaTeX Warning: Reference `equ3-17' on page 27 undefined on input line 1150.


LaTeX Warning: Reference `sec3-3' on page 27 undefined on input line 1156.

Missing character: There is no  in font Times New Roman/ICU:script=latn;lang
uage=DFLT;!
Missing character: There is no  in font Times New Roman/ICU:script=latn;lang
uage=DFLT;!
Missing character: There is no  in font Times New Roman/ICU:script=latn;lang
uage=DFLT;!

Package natbib Warning: Citation `bi_graph' on page 27 undefined on input line 
1170.


LaTeX Warning: Reference `3-5' on page 27 undefined on input line 1170.


Package natbib Warning: Citation `bi_graph' on page 27 undefined on input line 
1170.


! LaTeX Error: File `Figures/3-5' not found.

See the LaTeX manual or LaTeX Companion for explanation.
Type  H <return>  for immediate help.
 ...                                              
                                                  
l.1174 \includegraphics[width=7cm]{Figures/3-5}
                                               
? 

LaTeX Warning: `h' float specifier changed to `ht'.

[27]

LaTeX Warning: Reference `3-6' on page 28 undefined on input line 1181.


! LaTeX Error: File `Figures/3-6' not found.

See the LaTeX manual or LaTeX Companion for explanation.
Type  H <return>  for immediate help.
 ...                                              
                                                  
l.1185 \includegraphics[width=7cm]{Figures/3-6}
                                               
? 

Package natbib Warning: Citation `Hungarian' on page 28 undefined on input line
 1190.


Package natbib Warning: Citation `KM_algorithm' on page 28 undefined on input l
ine 1192.

Missing character: There is no  in font Times New Roman/ICU:script=latn;lang
uage=DFLT;!
Missing character: There is no  in font Times New Roman/ICU:script=latn;lang
uage=DFLT;!
Missing character: There is no  in font Times New Roman/ICU:script=latn;lang
uage=DFLT;!
[28] [29]

Package natbib Warning: Citation `drosophila1' on page 30 undefined on input li
ne 1230.


Package natbib Warning: Citation `drosophila2' on page 30 undefined on input li
ne 1230.

Missing character: There is no  in font Times New Roman/ICU:script=latn;lang
uage=DFLT;!
Missing character: There is no  in font Times New Roman/ICU:script=latn;lang
uage=DFLT;!
Missing character: There is no  in font Times New Roman/ICU:script=latn;lang
uage=DFLT;!
Missing character: There is no  in font Times New Roman/ICU:script=latn;lang
uage=DFLT;!

LaTeX Warning: Reference `sec3-2-4' on page 30 undefined on input line 1240.

Missing character: There is no  in font Times New Roman/ICU:script=latn;lang
uage=DFLT;!

LaTeX Warning: Reference `sec3-2-3' on page 30 undefined on input line 1241.

Missing character: There is no  in font Times New Roman/ICU:script=latn;lang
uage=DFLT;!

LaTeX Warning: Reference `sec3-2-2' on page 30 undefined on input line 1242.


LaTeX Warning: Reference `4-1' on page 30 undefined on input line 1249.


LaTeX Warning: Reference `4-2' on page 30 undefined on input line 1249.

[30]

Package natbib Warning: Citation `matlabcalib' on page 31 undefined on input li
ne 1251.


Package natbib Warning: Citation `zhangzhengyou1' on page 31 undefined on input
 line 1251.


LaTeX Warning: Reference `4-3' on page 31 undefined on input line 1253.


! LaTeX Error: File `Figures/4-1' not found.

See the LaTeX manual or LaTeX Companion for explanation.
Type  H <return>  for immediate help.
 ...                                              
                                                  
l.1257 \includegraphics[width=14cm]{Figures/4-1}
                                                
? 

! LaTeX Error: File `Figures/4-2' not found.

See the LaTeX manual or LaTeX Companion for explanation.
Type  H <return>  for immediate help.
 ...                                              
                                                  
l.1264 \includegraphics[width=14cm]{Figures/4-2}
                                                
? 

! LaTeX Error: File `Figures/4-3' not found.

See the LaTeX manual or LaTeX Companion for explanation.
Type  H <return>  for immediate help.
 ...                                              
                                                  
l.1271 \includegraphics[width=14cm]{Figures/4-3}
                                                
? 
[31]

LaTeX Warning: Reference `4-4' on page 32 undefined on input line 1290.


LaTeX Warning: Reference `4-5' on page 32 undefined on input line 1290.


! LaTeX Error: File `Figures/4-4' not found.

See the LaTeX manual or LaTeX Companion for explanation.
Type  H <return>  for immediate help.
 ...                                              
                                                  
l.1294 \includegraphics[width=15cm]{Figures/4-4}
                                                
? 

! LaTeX Error: File `Figures/4-5' not found.

See the LaTeX manual or LaTeX Companion for explanation.
Type  H <return>  for immediate help.
 ...                                              
                                                  
l.1301 \includegraphics[width=14cm]{Figures/4-5}
                                                
? 

! LaTeX Error: File `Figures/4-6' not found.

See the LaTeX manual or LaTeX Companion for explanation.
Type  H <return>  for immediate help.
 ...                                              
                                                  
l.1308 ...ics[width=14cm, height=9cm]{Figures/4-6}
                                                  
? 

! LaTeX Error: File `Figures/4-7' not found.

See the LaTeX manual or LaTeX Companion for explanation.
Type  H <return>  for immediate help.
 ...                                              
                                                  
l.1315 ...ics[width=14cm, height=9cm]{Figures/4-7}
                                                  
? 

LaTeX Warning: `h' float specifier changed to `ht'.


LaTeX Warning: Reference `4-6' on page 32 undefined on input line 1323.


LaTeX Warning: Reference `4-7' on page 32 undefined on input line 1325.

[32]
Missing character: There is no  in font Times New Roman/ICU:script=latn;lang
uage=DFLT;!
Missing character: There is no  in font Times New Roman/ICU:script=latn;lang
uage=DFLT;!
Missing character: There is no  in font Times New Roman/ICU:script=latn;lang
uage=DFLT;!
 [33] [34]
Missing character: There is no  in font Times New Roman/ICU:script=latn;lang
uage=DFLT;!
Missing character: There is no  in font Times New Roman/ICU:script=latn;lang
uage=DFLT;!
Missing character: There is no  in font Times New Roman/ICU:script=latn;lang
uage=DFLT;!
Missing character: There is no  in font Times New Roman/ICU:script=latn;lang
uage=DFLT;!
Missing character: There is no  in font Times New Roman/ICU:script=latn;lang
uage=DFLT;!
 [35]
Missing character: There is no  in font Times New Roman/ICU:script=latn;lang
uage=DFLT;!
 [36]

Package hyperref Warning: Token not allowed in a PDF string (Unicode):
(hyperref)                removing `\new@ifnextchar' on input line 1392.


Package hyperref Warning: Token not allowed in a PDF string (Unicode):
(hyperref)                removing `\CJKfamily' on input line 1392.

No file Paper.bbl.

Package hyperref Warning: Token not allowed in a PDF string (Unicode):
(hyperref)                removing `\CJKfamily' on input line 1400.

[37]

Package natbib Warning: There were undefined citations.

Package atveryend Info: Empty hook `BeforeClearDocument' on input line 1429.
[38]
Package atveryend Info: Empty hook `AfterLastShipout' on input line 1429.
 (./Paper.aux)
Package atveryend Info: Empty hook `AtVeryEndDocument' on input line 1429.
Package atveryend Info: Empty hook `AtEndAfterFileList' on input line 1429.


LaTeX Warning: There were undefined references.


LaTeX Warning: Label(s) may have changed. Rerun to get cross-references right.

Package atveryend Info: Empty hook `AtVeryVeryEnd' on input line 1429.
 ) 
Here is how much of TeX's memory you used:
 25445 strings out of 494123
 483969 string characters out of 3151762
 549780 words of memory out of 3000000
 28296 multiletter control sequences out of 15000+200000
 13947 words of font info for 101 fonts, out of 3000000 for 9000
 1018 hyphenation exceptions out of 8191
 44i,14n,49p,928b,611s stack positions out of 5000i,500n,10000p,200000b,50000s

Output written on Paper.pdf (41 pages).
